
state 0
	$accept : _acl $end 

	ERROR  shift 7
	ENTRY_TYPE  shift 6
	.  error

	acl_entry  goto 2
	ace  goto 3
	aclent  goto 4
	entry_type  goto 5
	acl  goto 1

state 1
	$accept :  acl_$end 

	$end  accept
	.  error


state 2
	acl :  acl_entry_NL 
	acl :  acl_entry_COMMA NL 
	acl :  acl_entry_COMMA acl 

	COMMA  shift 9
	NL  shift 8
	.  error


state 3
	acl_entry :  ace_    (4)

	.  reduce 4


state 4
	acl_entry :  aclent_    (5)

	.  reduce 5


state 5
	ace :  entry_type_idname ace_perms access_type 
	ace :  entry_type_idname ace_perms access_type COLON id 
	ace :  entry_type_idname ace_perms iflags access_type 
	ace :  entry_type_idname ace_perms iflags access_type COLON id 
	ace :  entry_type_ace_perms access_type 
	ace :  entry_type_ace_perms access_type COLON id 
	ace :  entry_type_ace_perms iflags access_type 
	ace :  entry_type_ace_perms iflags access_type COLON id 
	aclent :  entry_type_idname aclent_perm 
	aclent :  entry_type_COLON aclent_perm 
	aclent :  entry_type_COLON aclent_perm COLON id 
	aclent :  entry_type_idname aclent_perm COLON id 
	aclent :  entry_type_aclent_perm 
	aclent :  entry_type_aclent_perm COLON id 

	COLON  shift 12
	IDNAME  shift 14
	PERM_TOK  shift 17
	ERROR  shift 16
	ACE_PERM  shift 19
	.  error

	idname  goto 10
	perms  goto 18
	perm  goto 15
	aclent_perm  goto 13
	ace_perms  goto 11

state 6
	entry_type :  ENTRY_TYPE_    (47)

	.  reduce 47


state 7
	entry_type :  ERROR_    (48)

	.  reduce 48


state 8
	acl :  acl_entry NL_    (1)

	.  reduce 1


state 9
	acl :  acl_entry COMMA_NL 
	acl :  acl_entry COMMA_acl 

	NL  shift 20
	ERROR  shift 7
	ENTRY_TYPE  shift 6
	.  error

	acl_entry  goto 2
	ace  goto 3
	aclent  goto 4
	entry_type  goto 5
	acl  goto 21

state 10
	ace :  entry_type idname_ace_perms access_type 
	ace :  entry_type idname_ace_perms access_type COLON id 
	ace :  entry_type idname_ace_perms iflags access_type 
	ace :  entry_type idname_ace_perms iflags access_type COLON id 
	aclent :  entry_type idname_aclent_perm 
	aclent :  entry_type idname_aclent_perm COLON id 

	COLON  shift 24
	PERM_TOK  shift 17
	ERROR  shift 16
	ACE_PERM  shift 19
	.  error

	perms  goto 18
	perm  goto 15
	aclent_perm  goto 23
	ace_perms  goto 22

state 11
	ace :  entry_type ace_perms_access_type 
	ace :  entry_type ace_perms_access_type COLON id 
	ace :  entry_type ace_perms_iflags access_type 
	ace :  entry_type ace_perms_iflags access_type COLON id 

	COLON  shift 31
	INHERIT_TOK  shift 32
	ERROR  shift 28
	ACE_INHERIT  shift 33
	ACCESS_TYPE  shift 27
	.  error

	iflags  goto 26
	verbose_iflag  goto 30
	compact_iflag  goto 29
	access_type  goto 25

state 12
	aclent :  entry_type COLON_aclent_perm 
	aclent :  entry_type COLON_aclent_perm COLON id 
	perm :  COLON_    (41)

	PERM_TOK  shift 17
	.  reduce 41

	aclent_perm  goto 34

state 13
	aclent :  entry_type aclent_perm_    (18)
	aclent :  entry_type aclent_perm_COLON id 
	ace_perms :  aclent_perm_COLON 

	COLON  shift 35
	.  reduce 18


state 14
	idname :  IDNAME_    (46)

	.  reduce 46


state 15
	ace_perms :  perm_    (37)

	.  reduce 37


state 16
	ace_perms :  ERROR_    (39)

	.  reduce 39


state 17
	aclent_perm :  PERM_TOK_    (30)
	aclent_perm :  PERM_TOK_ERROR 

	ERROR  shift 36
	.  reduce 30


state 18
	perm :  perms_COLON 

	COLON  shift 37
	.  error


state 19
	perms :  ACE_PERM_    (42)
	perms :  ACE_PERM_SLASH perms 
	perms :  ACE_PERM_SLASH aclent_perm 
	perms :  ACE_PERM_SLASH ERROR 

	SLASH  shift 38
	.  reduce 42


state 20
	acl :  acl_entry COMMA NL_    (2)

	.  reduce 2


state 21
	acl :  acl_entry COMMA acl_    (3)

	.  reduce 3


state 22
	ace :  entry_type idname ace_perms_access_type 
	ace :  entry_type idname ace_perms_access_type COLON id 
	ace :  entry_type idname ace_perms_iflags access_type 
	ace :  entry_type idname ace_perms_iflags access_type COLON id 

	COLON  shift 31
	INHERIT_TOK  shift 32
	ERROR  shift 28
	ACE_INHERIT  shift 33
	ACCESS_TYPE  shift 27
	.  error

	iflags  goto 40
	verbose_iflag  goto 30
	compact_iflag  goto 29
	access_type  goto 39

state 23
	aclent :  entry_type idname aclent_perm_    (14)
	aclent :  entry_type idname aclent_perm_COLON id 
	ace_perms :  aclent_perm_COLON 

	COLON  shift 41
	.  reduce 14


state 24
	perm :  COLON_    (41)

	.  reduce 41


state 25
	ace :  entry_type ace_perms access_type_    (10)
	ace :  entry_type ace_perms access_type_COLON id 

	COLON  shift 42
	.  reduce 10


state 26
	ace :  entry_type ace_perms iflags_access_type 
	ace :  entry_type ace_perms iflags_access_type COLON id 

	ERROR  shift 28
	ACCESS_TYPE  shift 27
	.  error

	access_type  goto 43

state 27
	access_type :  ACCESS_TYPE_    (32)

	.  reduce 32


state 28
	access_type :  ERROR_    (33)

	.  reduce 33


state 29
	iflags :  compact_iflag_COLON 

	COLON  shift 44
	.  error


state 30
	iflags :  verbose_iflag_COLON 

	COLON  shift 45
	.  error


state 31
	iflags :  COLON_    (22)

	.  reduce 22


state 32
	compact_iflag :  INHERIT_TOK_    (23)
	compact_iflag :  INHERIT_TOK_SLASH verbose_iflag 

	SLASH  shift 46
	.  reduce 23


state 33
	verbose_iflag :  ACE_INHERIT_    (25)
	verbose_iflag :  ACE_INHERIT_SLASH verbose_iflag 
	verbose_iflag :  ACE_INHERIT_SLASH compact_iflag 
	verbose_iflag :  ACE_INHERIT_SLASH ACCESS_TYPE 
	verbose_iflag :  ACE_INHERIT_SLASH ERROR 

	SLASH  shift 47
	.  reduce 25


state 34
	aclent :  entry_type COLON aclent_perm_    (15)
	aclent :  entry_type COLON aclent_perm_COLON id 

	COLON  shift 48
	.  reduce 15


state 35
	aclent :  entry_type aclent_perm COLON_id 
	ace_perms :  aclent_perm COLON_    (38)

	ID  shift 50
	.  reduce 38

	id  goto 49

state 36
	aclent_perm :  PERM_TOK ERROR_    (31)

	.  reduce 31


state 37
	perm :  perms COLON_    (40)

	.  reduce 40


state 38
	perms :  ACE_PERM SLASH_perms 
	perms :  ACE_PERM SLASH_aclent_perm 
	perms :  ACE_PERM SLASH_ERROR 

	PERM_TOK  shift 17
	ERROR  shift 55
	ACE_PERM  shift 19
	.  error

	perms  goto 53
	aclent_perm  goto 54

state 39
	ace :  entry_type idname ace_perms access_type_    (6)
	ace :  entry_type idname ace_perms access_type_COLON id 

	COLON  shift 56
	.  reduce 6


state 40
	ace :  entry_type idname ace_perms iflags_access_type 
	ace :  entry_type idname ace_perms iflags_access_type COLON id 

	ERROR  shift 28
	ACCESS_TYPE  shift 27
	.  error

	access_type  goto 57

state 41
	aclent :  entry_type idname aclent_perm COLON_id 
	ace_perms :  aclent_perm COLON_    (38)

	ID  shift 50
	.  reduce 38

	id  goto 58

state 42
	ace :  entry_type ace_perms access_type COLON_id 

	COLON  shift 51
	ID  shift 50
	ERROR  shift 52
	.  error

	id  goto 59

state 43
	ace :  entry_type ace_perms iflags access_type_    (12)
	ace :  entry_type ace_perms iflags access_type_COLON id 

	COLON  shift 60
	.  reduce 12


state 44
	iflags :  compact_iflag COLON_    (20)

	.  reduce 20


state 45
	iflags :  verbose_iflag COLON_    (21)

	.  reduce 21


state 46
	compact_iflag :  INHERIT_TOK SLASH_verbose_iflag 

	ACE_INHERIT  shift 33
	.  error

	verbose_iflag  goto 61

state 47
	verbose_iflag :  ACE_INHERIT SLASH_verbose_iflag 
	verbose_iflag :  ACE_INHERIT SLASH_compact_iflag 
	verbose_iflag :  ACE_INHERIT SLASH_ACCESS_TYPE 
	verbose_iflag :  ACE_INHERIT SLASH_ERROR 

	INHERIT_TOK  shift 32
	ERROR  shift 65
	ACE_INHERIT  shift 33
	ACCESS_TYPE  shift 64
	.  error

	verbose_iflag  goto 62
	compact_iflag  goto 63

state 48
	aclent :  entry_type COLON aclent_perm COLON_id 

	COLON  shift 51
	ID  shift 50
	ERROR  shift 52
	.  error

	id  goto 66

state 49
	aclent :  entry_type aclent_perm COLON id_    (19)

	.  reduce 19


state 50
	id :  ID_    (34)

	.  reduce 34


state 51
	id :  COLON_    (35)

	.  reduce 35


state 52
	id :  ERROR_    (36)

	.  reduce 36


state 53
	perms :  ACE_PERM SLASH perms_    (43)

	.  reduce 43


state 54
	perms :  ACE_PERM SLASH aclent_perm_    (44)

	.  reduce 44


state 55
	perms :  ACE_PERM SLASH ERROR_    (45)

	.  reduce 45


state 56
	ace :  entry_type idname ace_perms access_type COLON_id 

	COLON  shift 51
	ID  shift 50
	ERROR  shift 52
	.  error

	id  goto 67

state 57
	ace :  entry_type idname ace_perms iflags access_type_    (8)
	ace :  entry_type idname ace_perms iflags access_type_COLON id 

	COLON  shift 68
	.  reduce 8


state 58
	aclent :  entry_type idname aclent_perm COLON id_    (17)

	.  reduce 17


state 59
	ace :  entry_type ace_perms access_type COLON id_    (11)

	.  reduce 11


state 60
	ace :  entry_type ace_perms iflags access_type COLON_id 

	COLON  shift 51
	ID  shift 50
	ERROR  shift 52
	.  error

	id  goto 69

state 61
	compact_iflag :  INHERIT_TOK SLASH verbose_iflag_    (24)

	.  reduce 24


state 62
	verbose_iflag :  ACE_INHERIT SLASH verbose_iflag_    (26)

	.  reduce 26


state 63
	verbose_iflag :  ACE_INHERIT SLASH compact_iflag_    (27)

	.  reduce 27


state 64
	verbose_iflag :  ACE_INHERIT SLASH ACCESS_TYPE_    (28)

	.  reduce 28


state 65
	verbose_iflag :  ACE_INHERIT SLASH ERROR_    (29)

	.  reduce 29


state 66
	aclent :  entry_type COLON aclent_perm COLON id_    (16)

	.  reduce 16


state 67
	ace :  entry_type idname ace_perms access_type COLON id_    (7)

	.  reduce 7


state 68
	ace :  entry_type idname ace_perms iflags access_type COLON_id 

	COLON  shift 51
	ID  shift 50
	ERROR  shift 52
	.  error

	id  goto 70

state 69
	ace :  entry_type ace_perms iflags access_type COLON id_    (13)

	.  reduce 13


state 70
	ace :  entry_type idname ace_perms iflags access_type COLON id_    (9)

	.  reduce 9


26/127 terminals, 15/600 nonterminals
49/300 grammar rules, 71/1000 states
0 shift/reduce, 0 reduce/reduce conflicts reported
26/601 working sets used
memory: states,etc. 222/2000, parser 41/4000
18/3001 distinct lookahead sets
0 extra closures
70 shift entries, 1 exceptions
34 goto entries
8 entries saved by goto default
Optimizer space used: input 195/2000, output 120/4000
120 table entries, 36 zero
maximum spread: 280, maximum offset: 278
